2016/01/20 17:58:14 INFO  - jmeter.util.JMeterUtils: Setting Locale to es_ES 
2016/01/20 17:58:14 INFO  - jmeter.util.JMeterUtils: Could not find resources for 'es_ES', using 'es' 
2016/01/20 17:58:14 INFO  - jmeter.JMeter: Loading user properties from: C:\Users\t\Documents\GitHub\monopoly-node\apache-jmeter-2.13\bin\user.properties 
2016/01/20 17:58:14 INFO  - jmeter.JMeter: Loading system properties from: C:\Users\t\Documents\GitHub\monopoly-node\apache-jmeter-2.13\bin\system.properties 
2016/01/20 17:58:14 INFO  - jmeter.JMeter: Copyright (c) 1998-2015 The Apache Software Foundation 
2016/01/20 17:58:14 INFO  - jmeter.JMeter: Version 2.13 r1665067 
2016/01/20 17:58:14 INFO  - jmeter.JMeter: java.version=1.8.0_66 
2016/01/20 17:58:14 INFO  - jmeter.JMeter: java.vm.name=Java HotSpot(TM) Client VM 
2016/01/20 17:58:14 INFO  - jmeter.JMeter: os.name=Windows 10 
2016/01/20 17:58:14 INFO  - jmeter.JMeter: os.arch=x86 
2016/01/20 17:58:14 INFO  - jmeter.JMeter: os.version=10.0 
2016/01/20 17:58:14 INFO  - jmeter.JMeter: file.encoding=Cp1252 
2016/01/20 17:58:14 INFO  - jmeter.JMeter: Default Locale=español (España) 
2016/01/20 17:58:14 INFO  - jmeter.JMeter: JMeter  Locale=español (España) 
2016/01/20 17:58:14 INFO  - jmeter.JMeter: JMeterHome=C:\Users\t\Documents\GitHub\monopoly-node\apache-jmeter-2.13 
2016/01/20 17:58:14 INFO  - jmeter.JMeter: user.dir  =C:\Users\t\Documents\GitHub\monopoly-node\apache-jmeter-2.13\bin 
2016/01/20 17:58:14 INFO  - jmeter.JMeter: PWD       =C:\Users\t\Documents\GitHub\monopoly-node\apache-jmeter-2.13\bin 
2016/01/20 17:58:14 INFO  - jmeter.JMeter: IP: 192.168.1.34 Name: javi FullName: 192.168.1.34 
2016/01/20 17:58:14 INFO  - jmeter.gui.action.LookAndFeelCommand: Using look and feel: javax.swing.plaf.metal.MetalLookAndFeel [Metal, CrossPlatform] 
2016/01/20 17:58:14 INFO  - jmeter.JMeter: Loaded icon properties from org/apache/jmeter/images/icon.properties 
2016/01/20 17:58:16 INFO  - jmeter.engine.util.CompoundVariable: Note: Function class names must contain the string: '.functions.' 
2016/01/20 17:58:16 INFO  - jmeter.engine.util.CompoundVariable: Note: Function class names must not contain the string: '.gui.' 
2016/01/20 17:58:16 INFO  - jmeter.util.BSFTestElement: Registering JMeter version of JavaScript engine as work-round for BSF-22 
2016/01/20 17:58:17 INFO  - jmeter.protocol.http.sampler.HTTPSamplerBase: Cannot find .className property for htmlParser, using default 
2016/01/20 17:58:17 INFO  - jmeter.protocol.http.sampler.HTTPSamplerBase: Parser for text/html is  
2016/01/20 17:58:17 INFO  - jmeter.protocol.http.sampler.HTTPSamplerBase: Parser for application/xhtml+xml is  
2016/01/20 17:58:17 INFO  - jmeter.protocol.http.sampler.HTTPSamplerBase: Parser for application/xml is  
2016/01/20 17:58:17 INFO  - jmeter.protocol.http.sampler.HTTPSamplerBase: Parser for text/xml is  
2016/01/20 17:58:17 INFO  - jmeter.protocol.http.sampler.HTTPSamplerBase: Parser for text/vnd.wap.wml is org.apache.jmeter.protocol.http.parser.RegexpHTMLParser 
2016/01/20 17:58:17 INFO  - jmeter.gui.util.MenuFactory: Skipping org.apache.jmeter.protocol.http.control.gui.WebServiceSamplerGui 
2016/01/20 17:58:17 INFO  - jmeter.gui.util.MenuFactory: Skipping org.apache.jmeter.protocol.http.modifier.gui.ParamModifierGui 
2016/01/20 17:58:18 INFO  - jorphan.exec.KeyToolUtils: keytool found at 'keytool' 
2016/01/20 17:58:18 INFO  - jmeter.protocol.http.proxy.ProxyControl: HTTP(S) Test Script Recorder SSL Proxy will use keys that support embedded 3rd party resources in file C:\Users\t\Documents\GitHub\monopoly-node\apache-jmeter-2.13\bin\proxyserver.jks 
2016/01/20 17:58:20 INFO  - jmeter.samplers.SampleResult: Note: Sample TimeStamps are START times 
2016/01/20 17:58:20 INFO  - jmeter.samplers.SampleResult: sampleresult.default.encoding is set to ISO-8859-1 
2016/01/20 17:58:20 INFO  - jmeter.samplers.SampleResult: sampleresult.useNanoTime=true 
2016/01/20 17:58:20 INFO  - jmeter.samplers.SampleResult: sampleresult.nanoThreadSleep=5000 
2016/01/20 17:58:32 INFO  - jmeter.services.FileServer: Default base='C:\Users\t\Documents\GitHub\monopoly-node\apache-jmeter-2.13\bin' 
2016/01/20 17:58:32 INFO  - jmeter.gui.action.Load: Loading file: G:\delmoral\test\Plan de Pruebas.jmx 
2016/01/20 17:58:32 INFO  - jmeter.services.FileServer: Set new base='G:\delmoral\test' 
2016/01/20 17:58:32 INFO  - jmeter.save.SaveService: Testplan (JMX) version: 2.2. Testlog (JTL) version: 2.2 
2016/01/20 17:58:32 INFO  - jmeter.save.SaveService: Using SaveService properties file encoding UTF-8 
2016/01/20 17:58:32 INFO  - jmeter.save.SaveService: Using SaveService properties file version 1656252 
2016/01/20 17:58:32 INFO  - jmeter.save.SaveService: Using SaveService properties version 2.8 
2016/01/20 17:58:32 INFO  - jmeter.save.SaveService: All converter versions present and correct 
2016/01/20 17:58:32 INFO  - jmeter.save.SaveService: Loading file: G:\delmoral\test\Plan de Pruebas.jmx 
2016/01/20 17:58:32 INFO  - jmeter.services.FileServer: Set new base='G:\delmoral\test' 
